0 info it worked if it ends with ok
1 verbose cli [ '/usr/local/bin/node',
1 verbose cli   '/usr/local/bin/npm',
1 verbose cli   'link',
1 verbose cli   'gitbook-version-swag',
1 verbose cli   '-g' ]
2 info using npm@3.10.5
3 info using node@v6.2.2
4 verbose stack Error: link should never be --global.
4 verbose stack Please re-run this command with --local
4 verbose stack     at EventEmitter.link (/usr/local/lib/node_modules/npm/lib/link.js:46:15)
4 verbose stack     at Object.commandCache.(anonymous function) (/usr/local/lib/node_modules/npm/lib/npm.js:124:13)
4 verbose stack     at EventEmitter.<anonymous> (/usr/local/lib/node_modules/npm/bin/npm-cli.js:73:30)
4 verbose stack     at _combinedTickCallback (internal/process/next_tick.js:67:7)
4 verbose stack     at process._tickCallback (internal/process/next_tick.js:98:9)
5 verbose cwd /Users/himanshu/Sites/projects/reazy-docs
6 error Darwin 15.6.0
7 error argv "/usr/local/bin/node" "/usr/local/bin/npm" "link" "gitbook-version-swag" "-g"
8 error node v6.2.2
9 error npm  v3.10.5
10 error link should never be --global.
10 error Please re-run this command with --local
11 error If you need help, you may report this error at:
11 error     <https://github.com/npm/npm/issues>
12 verbose exit [ 1, true ]
